<?xml version="1.0" encoding="UTF-8"?>
<testng-results skipped="0" failed="1" ignored="0" total="4" passed="3">
  <reporter-output>
  </reporter-output>
  <suite name="TraditionalTestsSuiteV1" duration-ms="51866" started-at="2020-06-07T22:19:33 BST" finished-at="2020-06-07T22:20:25 BST">
    <groups>
    </groups>
    <test name="SmokeTest" duration-ms="51866" started-at="2020-06-07T22:19:33 BST" finished-at="2020-06-07T22:20:25 BST">
      <class name="com.applifashion.test.Task1">
        <test-method status="PASS" signature="setup()[pri:0, instance:com.applifashion.test.Task1@5cb9f472]" name="setup" is-config="true" duration-ms="11516" started-at="2020-06-07T22:19:33 BST" finished-at="2020-06-07T22:19:45 BST">
          <reporter-output>
          </reporter-output>
        </test-method> <!-- setup -->
        <test-method status="PASS" signature="crossDeviceElementsTest1()[pri:0, instance:com.applifashion.test.Task1@5cb9f472]" name="crossDeviceElementsTest1" duration-ms="279" started-at="2020-06-07T22:19:45 BST" description="Verify Search field visibility" finished-at="2020-06-07T22:19:45 BST">
          <reporter-output>
          </reporter-output>
        </test-method> <!-- crossDeviceElementsTest1 -->
        <test-method status="PASS" signature="tearDown()[pri:0, instance:com.applifashion.test.Task1@5cb9f472]" name="tearDown" is-config="true" duration-ms="1782" started-at="2020-06-07T22:19:45 BST" finished-at="2020-06-07T22:19:47 BST">
          <reporter-output>
          </reporter-output>
        </test-method> <!-- tearDown -->
        <test-method status="PASS" signature="setup()[pri:0, instance:com.applifashion.test.Task1@5cb9f472]" name="setup" is-config="true" duration-ms="8664" started-at="2020-06-07T22:19:47 BST" finished-at="2020-06-07T22:19:55 BST">
          <reporter-output>
          </reporter-output>
        </test-method> <!-- setup -->
        <test-method status="PASS" signature="crossDeviceElementsTest2()[pri:0, instance:com.applifashion.test.Task1@5cb9f472]" name="crossDeviceElementsTest2" duration-ms="74" started-at="2020-06-07T22:19:55 BST" description="Verify filter image toggle visibility" finished-at="2020-06-07T22:19:55 BST">
          <reporter-output>
          </reporter-output>
        </test-method> <!-- crossDeviceElementsTest2 -->
        <test-method status="PASS" signature="tearDown()[pri:0, instance:com.applifashion.test.Task1@5cb9f472]" name="tearDown" is-config="true" duration-ms="1653" started-at="2020-06-07T22:19:55 BST" finished-at="2020-06-07T22:19:57 BST">
          <reporter-output>
          </reporter-output>
        </test-method> <!-- tearDown -->
      </class> <!-- com.applifashion.test.Task1 -->
      <class name="com.applifashion.test.Task2">
        <test-method status="PASS" signature="setup()[pri:0, instance:com.applifashion.test.Task2@cb644e]" name="setup" is-config="true" duration-ms="8465" started-at="2020-06-07T22:19:57 BST" finished-at="2020-06-07T22:20:05 BST">
          <reporter-output>
          </reporter-output>
        </test-method> <!-- setup -->
        <test-method status="FAIL" signature="shoppingExperienceTest()[pri:0, instance:com.applifashion.test.Task2@cb644e]" name="shoppingExperienceTest" duration-ms="5990" started-at="2020-06-07T22:20:05 BST" description="Verify filter shoes by color and the product display" finished-at="2020-06-07T22:20:11 BST">
          <exception class="java.lang.AssertionError">
            <message>
              <![CDATA[add to compare icon is not displayed
Expected: is <true>
     but: was <false>]]>
            </message>
            <full-stacktrace>
              <![CDATA[java.lang.AssertionError: add to compare icon is not displayed
Expected: is <true>
     but: was <false>
at org.hamcrest.MatcherAssert.assertThat(MatcherAssert.java:20)
at com.applifashion.test.Task2.shoppingExperienceTest(Task2.java:65)
at sun.reflect.NativeMethodAccessorImpl.invoke0(Native Method)
at sun.reflect.NativeMethodAccessorImpl.invoke(NativeMethodAccessorImpl.java:62)
at sun.reflect.DelegatingMethodAccessorImpl.invoke(DelegatingMethodAccessorImpl.java:43)
at java.lang.reflect.Method.invoke(Method.java:498)
at org.testng.internal.MethodInvocationHelper.invokeMethod(MethodInvocationHelper.java:134)
at org.testng.internal.TestInvoker.invokeMethod(TestInvoker.java:597)
at org.testng.internal.TestInvoker.invokeTestMethod(TestInvoker.java:173)
at org.testng.internal.MethodRunner.runInSequence(MethodRunner.java:46)
at org.testng.internal.TestInvoker$MethodInvocationAgent.invoke(TestInvoker.java:816)
at org.testng.internal.TestInvoker.invokeTestMethods(TestInvoker.java:146)
at org.testng.internal.TestMethodWorker.invokeTestMethods(TestMethodWorker.java:146)
at org.testng.internal.TestMethodWorker.run(TestMethodWorker.java:128)
at java.util.ArrayList.forEach(ArrayList.java:1255)
at org.testng.TestRunner.privateRun(TestRunner.java:766)
at org.testng.TestRunner.run(TestRunner.java:587)
at org.testng.SuiteRunner.runTest(SuiteRunner.java:384)
at org.testng.SuiteRunner.runSequentially(SuiteRunner.java:378)
at org.testng.SuiteRunner.privateRun(SuiteRunner.java:337)
at org.testng.SuiteRunner.run(SuiteRunner.java:286)
at org.testng.SuiteRunnerWorker.runSuite(SuiteRunnerWorker.java:53)
at org.testng.SuiteRunnerWorker.run(SuiteRunnerWorker.java:96)
at org.testng.TestNG.runSuitesSequentially(TestNG.java:1187)
at org.testng.TestNG.runSuitesLocally(TestNG.java:1109)
at org.testng.TestNG.runSuites(TestNG.java:1039)
at org.testng.TestNG.run(TestNG.java:1007)
at org.apache.maven.surefire.testng.TestNGExecutor.run(TestNGExecutor.java:283)
at org.apache.maven.surefire.testng.TestNGXmlTestSuite.execute(TestNGXmlTestSuite.java:75)
at org.apache.maven.surefire.testng.TestNGProvider.invoke(TestNGProvider.java:120)
at org.apache.maven.surefire.booter.ForkedBooter.runSuitesInProcess(ForkedBooter.java:377)
at org.apache.maven.surefire.booter.ForkedBooter.execute(ForkedBooter.java:138)
at org.apache.maven.surefire.booter.ForkedBooter.run(ForkedBooter.java:465)
at org.apache.maven.surefire.booter.ForkedBooter.main(ForkedBooter.java:451)
]]>
            </full-stacktrace>
          </exception> <!-- java.lang.AssertionError -->
          <reporter-output>
          </reporter-output>
        </test-method> <!-- shoppingExperienceTest -->
        <test-method status="PASS" signature="tearDown()[pri:0, instance:com.applifashion.test.Task2@cb644e]" name="tearDown" is-config="true" duration-ms="1519" started-at="2020-06-07T22:20:11 BST" finished-at="2020-06-07T22:20:13 BST">
          <reporter-output>
          </reporter-output>
        </test-method> <!-- tearDown -->
      </class> <!-- com.applifashion.test.Task2 -->
      <class name="com.applifashion.test.Task3">
        <test-method status="PASS" signature="setup()[pri:0, instance:com.applifashion.test.Task3@13805618]" name="setup" is-config="true" duration-ms="8572" started-at="2020-06-07T22:20:13 BST" finished-at="2020-06-07T22:20:22 BST">
          <reporter-output>
          </reporter-output>
        </test-method> <!-- setup -->
        <test-method status="PASS" signature="productDetailsTest()[pri:0, instance:com.applifashion.test.Task3@13805618]" name="productDetailsTest" duration-ms="1690" started-at="2020-06-07T22:20:22 BST" description="Verify display of Product Details Test" finished-at="2020-06-07T22:20:23 BST">
          <reporter-output>
          </reporter-output>
        </test-method> <!-- productDetailsTest -->
        <test-method status="PASS" signature="tearDown()[pri:0, instance:com.applifashion.test.Task3@13805618]" name="tearDown" is-config="true" duration-ms="1573" started-at="2020-06-07T22:20:23 BST" finished-at="2020-06-07T22:20:25 BST">
          <reporter-output>
          </reporter-output>
        </test-method> <!-- tearDown -->
      </class> <!-- com.applifashion.test.Task3 -->
    </test> <!-- SmokeTest -->
  </suite> <!-- TraditionalTestsSuiteV1 -->
</testng-results>
